<?xml version="1.0" encoding="UTF-8"?>
<testng-results ignored="0" total="2" passed="2" failed="0" skipped="0">
  <reporter-output>
  </reporter-output>
  <suite started-at="2023-01-30T22:22:24 IST" name="Default suite" finished-at="2023-01-30T22:22:44 IST" duration-ms="19991">
    <groups>
    </groups>
    <test started-at="2023-01-30T22:22:24 IST" name="Default test" finished-at="2023-01-30T22:22:44 IST" duration-ms="19991">
      <class name="testng_course.HeadlessTesting">
        <test-method signature="initializeDriver()[pri:0, instance:testng_course.HeadlessTesting@7eecb5b8]" started-at="2023-01-30T22:22:24 IST" name="initializeDriver" finished-at="2023-01-30T22:22:36 IST" duration-ms="12821" status="PASS">
          <reporter-output>
          </reporter-output>
        </test-method> <!-- initializeDriver -->
        <test-method signature="initializeWithHTML()[pri:0, instance:testng_course.HeadlessTesting@7eecb5b8]" started-at="2023-01-30T22:22:36 IST" name="initializeWithHTML" finished-at="2023-01-30T22:22:44 IST" duration-ms="7119" status="PASS">
          <reporter-output>
          </reporter-output>
        </test-method> <!-- initializeWithHTML -->
      </class> <!-- testng_course.HeadlessTesting -->
    </test> <!-- Default test -->
  </suite> <!-- Default suite -->
</testng-results>
