<?xml version="1.0" encoding="UTF-8"?>
<!-- Generated by org.testng.reporters.JUnitXMLReporter -->
<testsuite ignored="2" hostname="HVNYRR3" failures="3" tests="3" name="4achievers_testing_learning" time="25.174" errors="0" timestamp="2023-01-30T21:32:04 IST">
  <testcase classname="testng_course.ScreenshotTest" name="openAmazon" time="5.612">
    <failure type="java.lang.AssertionError" message="expected [Amaaaazon] but found [Amazon.com. Spend less. Smile more.]">
      <![CDATA[java.lang.AssertionError: expected [Amaaaazon] but found [Amazon.com. Spend less. Smile more.]
at testng_course.ScreenshotTest.openAmazon(ScreenshotTest.java:22)
at java.base/java.util.ArrayList.forEach(ArrayList.java:1511)
... Removed 31 stack frames]]>
    </failure>
  </testcase> <!-- openAmazon -->
  <testcase classname="testng_course.ScreenshotTest" name="openGoogle" time="3.184">
    <failure type="java.lang.AssertionError" message="Verifying Title expected [Amazon] but found [Google]">
      <![CDATA[java.lang.AssertionError: Verifying Title expected [Amazon] but found [Google]
at testng_course.ScreenshotTest.openGoogle(ScreenshotTest.java:13)
at java.base/java.util.ArrayList.forEach(ArrayList.java:1511)
... Removed 30 stack frames]]>
    </failure>
  </testcase> <!-- openGoogle -->
  <testcase classname="testng_course.SecondTest" name="firstTest" time="4.984">
    <failure type="java.lang.AssertionError" message="expected [Amaaaazon] but found [Amazon.com. Spend less. Smile more.]">
      <![CDATA[java.lang.AssertionError: expected [Amaaaazon] but found [Amazon.com. Spend less. Smile more.]
at testng_course.SecondTest.firstTest(SecondTest.java:15)
at java.base/java.util.ArrayList.forEach(ArrayList.java:1511)
... Removed 31 stack frames]]>
    </failure>
  </testcase> <!-- firstTest -->
  <testcase classname="testng_course.BaseClass" name="@AfterSuite flushExtent" time="0.0">
    <ignored/>
  </testcase> <!-- @AfterSuite flushExtent -->
  <testcase classname="testng_course.BaseClass" name="@BeforeSuite setUpExtentReport" time="0.0">
    <ignored/>
  </testcase> <!-- @BeforeSuite setUpExtentReport -->
</testsuite> <!-- 4achievers_testing_learning -->
