<?xml version="1.0" encoding="UTF-8"?>
<!-- Generated by org.testng.reporters.JUnitXMLReporter -->
<testsuite hostname="IN-85ZN1X2" name="Test" tests="3" failures="0" timestamp="6 Jan 2023 15:11:40 GMT" time="40.879" errors="0">
  <testcase name="firstTest" time="5.7" classname="testng_course.AmazonTest_testng"/>
  <testcase name="amazonTitleTest" time="0.011" classname="testng_course.AmazonTest_testng"/>
  <testcase name="doLogin" time="0.002" classname="testng_course.AmazonTest_testng"/>
</testsuite> <!-- Test -->
